<?xml version="1.0" encoding="UTF-8"?>
<testsuite xmlns:xsi="http://www.w3.org/2001/XMLSchema-instance" xsi:noNamespaceSchemaLocation="https://maven.apache.org/surefire/maven-surefire-plugin/xsd/surefire-test-report-3.0.xsd" version="3.0" name="com.goltracker.GolTrackerApplicationTests" time="8.196" tests="1" errors="0" skipped="0" failures="0">
  <properties>
[...]
</properties>
  <testcase name="contextLoads" classname="com.goltracker.GolTrackerApplicationTests" time="0.444">
    <system-out><![CDATA[11:46:25.607 [main] INFO org.springframework.test.context.support.AnnotationConfigContextLoaderUtils -- Could not detect default configuration classes for test class [com.goltracker.GolTrackerApplicationTests]: GolTrackerApplicationTests does not declare any static, non-private, non-final, nested classes annotated with @Configuration.
11:46:25.748 [main] INFO org.springframework.boot.test.context.SpringBootTestContextBootstrapper -- Found @SpringBootConfiguration com.goltracker.GolTrackerApplication for test class com.goltracker.GolTrackerApplicationTests

  .   ____          _            __ _ _
 /\\ / ___'_ __ _ _(_)_ __  __ _ \ \ \ \
( ( )\___ | '_ | '_| | '_ \/ _` | \ \ \ \
 \\/  ___)| |_)| | | | | || (_| |  ) ) ) )
  '  |____| .__|_| |_|_| |_\__, | / / / /
 =========|_|==============|___/=/_/_/_/

 :: Spring Boot ::                (v3.3.6)

2026-06-02T11:46:26.590-05:00  INFO 47260 --- [augurio-futbolero] [           main] c.goltracker.GolTrackerApplicationTests  : Starting GolTrackerApplicationTests using Java 21.0.4 with PID 47260 (started by WilliKahan in F:\Programacion\App-gestor-futbol\backend)
2026-06-02T11:46:26.590-05:00 DEBUG 47260 --- [augurio-futbolero] [           main] c.goltracker.GolTrackerApplicationTests  : Running with Spring Boot v3.3.6, Spring v6.1.15
2026-06-02T11:46:26.591-05:00  INFO 47260 --- [augurio-futbolero] [           main] c.goltracker.GolTrackerApplicationTests  : The following 1 profile is active: "dev"
2026-06-02T11:46:27.425-05:00  INFO 47260 --- [augurio-futbolero] [           main] .s.d.r.c.RepositoryConfigurationDelegate : Bootstrapping Spring Data JPA repositories in DEFAULT mode.
2026-06-02T11:46:27.510-05:00  INFO 47260 --- [augurio-futbolero] [           main] .s.d.r.c.RepositoryConfigurationDelegate : Finished Spring Data repository scanning in 76 ms. Found 6 JPA repository interfaces.
2026-06-02T11:46:28.427-05:00  INFO 47260 --- [augurio-futbolero] [           main] com.zaxxer.hikari.HikariDataSource       : HikariPool-1 - Starting...
2026-06-02T11:46:28.569-05:00  INFO 47260 --- [augurio-futbolero] [           main] com.zaxxer.hikari.pool.HikariPool        : HikariPool-1 - Added connection org.postgresql.jdbc.PgConnection@230232b0
2026-06-02T11:46:28.570-05:00  INFO 47260 --- [augurio-futbolero] [           main] com.zaxxer.hikari.HikariDataSource       : HikariPool-1 - Start completed.
2026-06-02T11:46:28.611-05:00  INFO 47260 --- [augurio-futbolero] [           main] org.flywaydb.core.FlywayExecutor         : Database: jdbc:postgresql://localhost:5432/goltracker (PostgreSQL 17.9)
2026-06-02T11:46:28.625-05:00  WARN 47260 --- [augurio-futbolero] [           main] o.f.c.internal.database.base.Database    : Flyway upgrade recommended: PostgreSQL 17.9 is newer than this version of Flyway and support has not been tested. The latest supported version of PostgreSQL is 16.
2026-06-02T11:46:28.728-05:00  INFO 47260 --- [augurio-futbolero] [           main] o.f.core.internal.command.DbValidate     : Successfully validated 9 migrations (execution time 00:00.071s)
2026-06-02T11:46:28.751-05:00  INFO 47260 --- [augurio-futbolero] [           main] o.f.core.internal.command.DbMigrate      : Current version of schema "public": 9
2026-06-02T11:46:28.754-05:00  INFO 47260 --- [augurio-futbolero] [           main] o.f.core.internal.command.DbMigrate      : Schema "public" is up to date. No migration necessary.
2026-06-02T11:46:28.942-05:00  INFO 47260 --- [augurio-futbolero] [           main] o.hibernate.jpa.internal.util.LogHelper  : HHH000204: Processing PersistenceUnitInfo [name: default]
2026-06-02T11:46:29.084-05:00  INFO 47260 --- [augurio-futbolero] [           main] org.hibernate.Version                    : HHH000412: Hibernate ORM core version 6.5.3.Final
2026-06-02T11:46:29.147-05:00  INFO 47260 --- [augurio-futbolero] [           main] o.h.c.internal.RegionFactoryInitiator    : HHH000026: Second-level cache disabled
2026-06-02T11:46:29.478-05:00  INFO 47260 --- [augurio-futbolero] [           main] o.s.o.j.p.SpringPersistenceUnitInfo      : No LoadTimeWeaver setup: ignoring JPA class transformer
2026-06-02T11:46:29.557-05:00  WARN 47260 --- [augurio-futbolero] [           main] org.hibernate.orm.deprecation            : HHH90000025: PostgreSQLDialect does not need to be specified explicitly using 'hibernate.dialect' (remove the property setting and it will be selected by default)
2026-06-02T11:46:30.556-05:00  INFO 47260 --- [augurio-futbolero] [           main] o.h.e.t.j.p.i.JtaPlatformInitiator       : HHH000489: No JTA platform available (set 'hibernate.transaction.jta.platform' to enable JTA platform integration)
2026-06-02T11:46:30.558-05:00  INFO 47260 --- [augurio-futbolero] [           main] j.LocalContainerEntityManagerFactoryBean : Initialized JPA EntityManagerFactory for persistence unit 'default'
2026-06-02T11:46:30.926-05:00  INFO 47260 --- [augurio-futbolero] [           main] o.s.d.j.r.query.QueryEnhancerFactory     : Hibernate is in classpath; If applicable, HQL parser will be used.
2026-06-02T11:46:31.997-05:00  INFO 47260 --- [augurio-futbolero] [           main] eAuthenticationProviderManagerConfigurer : Global AuthenticationManager configured with AuthenticationProvider bean with name authenticationProvider
2026-06-02T11:46:31.998-05:00  WARN 47260 --- [augurio-futbolero] [           main] r$InitializeUserDetailsManagerConfigurer : Global AuthenticationManager configured with an AuthenticationProvider bean. UserDetailsService beans will not be used for username/password login. Consider removing the AuthenticationProvider bean. Alternatively, consider using the UserDetailsService in a manually instantiated DaoAuthenticationProvider.
2026-06-02T11:46:32.499-05:00 DEBUG 47260 --- [augurio-futbolero] [           main] o.s.s.web.DefaultSecurityFilterChain     : Will secure any request with filters: DisableEncodeUrlFilter, WebAsyncManagerIntegrationFilter, SecurityContextHolderFilter, HeaderWriterFilter, CorsFilter, LogoutFilter, JwtAuthFilter, RequestCacheAwareFilter, SecurityContextHolderAwareRequestFilter, AnonymousAuthenticationFilter, SessionManagementFilter, ExceptionTranslationFilter, AuthorizationFilter
2026-06-02T11:46:32.966-05:00  INFO 47260 --- [augurio-futbolero] [           main] c.goltracker.GolTrackerApplicationTests  : Started GolTrackerApplicationTests in 6.677 seconds (process running for 8.498)
2026-06-02T11:46:33.107-05:00  INFO 47260 --- [augurio-futbolero] [           main] com.goltracker.seeder.DataSeeder         : Usuario admin 'willUserGest' verificado/creado.
2026-06-02T11:46:33.141-05:00  INFO 47260 --- [augurio-futbolero] [           main] com.goltracker.seeder.DataSeeder         : Mundial 2026 ya tiene 48 equipos — omitiendo seed.
2026-06-02T11:46:33.150-05:00  INFO 47260 --- [augurio-futbolero] [           main] com.goltracker.seeder.DataSeeder         : Champions League ya tiene 4 equipos — omitiendo seed.
]]></system-out>
    <system-err><![CDATA[WARNING: A Java agent has been loaded dynamically (C:\Users\WilliKahan\.m2\repository\net\bytebuddy\byte-buddy-agent\1.14.19\byte-buddy-agent-1.14.19.jar)
WARNING: If a serviceability tool is in use, please run with -XX:+EnableDynamicAgentLoading to hide this warning
WARNING: If a serviceability tool is not in use, please run with -Djdk.instrument.traceUsage for more information
WARNING: Dynamic loading of agents will be disallowed by default in a future release
]]></system-err>
  </testcase>
</testsuite>